# JRE version: OpenJDK Runtime Environment 18.9 (11.0.15+10) (build 11.0.15+10)
# Java VM: OpenJDK 64-Bit Server VM 18.9 (11.0.15+10, mixed mode, tiered, compressed oops, g1 gc, windows-amd64)
Heap:
 garbage-first heap   total 129024K, used 24872K [0x0000000080000000, 0x0000000100000000)
  region size 1024K, 12 young (12288K), 4 survivors (4096K)
 Metaspace       used 21500K, capacity 21990K, committed 22268K, reserved 536576K
  class space    used 2626K, capacity 2805K, committed 2892K, reserved 516096K
GC Heap History (10 events):
Event: 0.522 GC heap before
{Heap before GC invocations=0 (full 0):
 garbage-first heap   total 129024K, used 20480K [0x0000000080000000, 0x0000000100000000)
  region size 1024K, 14 young (14336K), 0 survivors (0K)
 Metaspace       used 6767K, capacity 7001K, committed 7168K, reserved 524288K
  class space    used 571K, capacity 650K, committed 768K, reserved 516096K
}
Event: 0.524 GC heap after
{Heap after GC invocations=1 (full 0):
 garbage-first heap   total 129024K, used 8065K [0x0000000080000000, 0x0000000100000000)
  region size 1024K, 2 young (2048K), 2 survivors (2048K)
 Metaspace       used 6767K, capacity 7001K, committed 7168K, reserved 524288K
  class space    used 571K, capacity 650K, committed 768K, reserved 516096K
}
Event: 0.751 GC heap before
{Heap before GC invocations=1 (full 0):
 garbage-first heap   total 129024K, used 21377K [0x0000000080000000, 0x0000000100000000)
  region size 1024K, 15 young (15360K), 2 survivors (2048K)
 Metaspace       used 10301K, capacity 10504K, committed 10624K, reserved 526336K
  class space    used 1050K, capacity 1140K, committed 1152K, reserved 516096K
}
Event: 0.753 GC heap after
{Heap after GC invocations=2 (full 0):
 garbage-first heap   total 129024K, used 9872K [0x0000000080000000, 0x0000000100000000)
  region size 1024K, 2 young (2048K), 2 survivors (2048K)
 Metaspace       used 10301K, capacity 10504K, committed 10624K, reserved 526336K
  class space    used 1050K, capacity 1140K, committed 1152K, reserved 516096K
}
Event: 1.119 GC heap before
{Heap before GC invocations=2 (full 0):
 garbage-first heap   total 129024K, used 42640K [0x0000000080000000, 0x0000000100000000)
  region size 1024K, 33 young (33792K), 2 survivors (2048K)
 Metaspace       used 11300K, capacity 11579K, committed 11904K, reserved 528384K
  class space    used 1164K, capacity 1285K, committed 1408K, reserved 516096K
}
Event: 1.122 GC heap after
{Heap after GC invocations=3 (full 0):
 garbage-first heap   total 129024K, used 14476K [0x0000000080000000, 0x0000000100000000)
  region size 1024K, 5 young (5120K), 5 survivors (5120K)
 Metaspace       used 11300K, capacity 11579K, committed 11904K, reserved 528384K
  class space    used 1164K, capacity 1285K, committed 1408K, reserved 516096K
}
Event: 1.755 GC heap before
{Heap before GC invocations=3 (full 0):
 garbage-first heap   total 129024K, used 59532K [0x0000000080000000, 0x0000000100000000)
  region size 1024K, 49 young (50176K), 5 survivors (5120K)
 Metaspace       used 19289K, capacity 19669K, committed 19968K, reserved 534528K
  class space    used 2314K, capacity 2473K, committed 2560K, reserved 516096K
}
Event: 1.780 GC heap after
{Heap after GC invocations=4 (full 0):
 garbage-first heap   total 129024K, used 16856K [0x0000000080000000, 0x0000000100000000)
  region size 1024K, 7 young (7168K), 7 survivors (7168K)
 Metaspace       used 19289K, capacity 19669K, committed 19968K, reserved 534528K
  class space    used 2314K, capacity 2473K, committed 2560K, reserved 516096K
}
Event: 2.011 GC heap before
{Heap before GC invocations=4 (full 0):
 garbage-first heap   total 129024K, used 25048K [0x0000000080000000, 0x0000000100000000)
  region size 1024K, 16 young (16384K), 7 survivors (7168K)
 Metaspace       used 20775K, capacity 21195K, committed 21296K, reserved 536576K
  class space    used 2512K, capacity 2667K, committed 2688K, reserved 516096K
}
Event: 2.015 GC heap after
{Heap after GC invocations=5 (full 0):
 garbage-first heap   total 129024K, used 17704K [0x0000000080000000, 0x0000000100000000)
  region size 1024K, 4 young (4096K), 4 survivors (4096K)
 Metaspace       used 20775K, capacity 21195K, committed 21296K, reserved 536576K
  class space    used 2512K, capacity 2667K, committed 2688K, reserved 516096K
}

